strSql = [INSERT INTO produdn8_GrouponTripWire.`currency` ( `currency_code` , `countryCode`) VALUES ( "GBP", "UK");]
<currency_Id>4</currency_Id>strSql = [INSERT INTO produdn8_GrouponTripWire.`currency` ( `currency_code` , `countryCode`) VALUES ( "GBP", "UK");]
<currency_Id>5</currency_Id>strSql = [INSERT INTO produdn8_GrouponTripWire.`currency` ( `currency_code` , `countryCode`) VALUES ( "GBP", "UK");]
<currency_Id>6</currency_Id>strSql = [INSERT INTO produdn8_GrouponTripWire.`currency` ( `currency_code` , `countryCode`) VALUES ( "EUR", "DE");]
<currency_Id>7</currency_Id>strSql = [INSERT INTO produdn8_GrouponTripWire.`currency` ( `currency_code` , `countryCode`) VALUES ( "EUR", "IE");]
<currency_Id>8</currency_Id>strSql = [INSERT INTO produdn8_GrouponTripWire.`currency` ( `currency_code` , `countryCode`) VALUES ( "ILS", "IL");]
<currency_Id>9</currency_Id>strSql = [INSERT INTO produdn8_GrouponTripWire.`currency` ( `currency_code` , `countryCode`) VALUES ( "EUR", "IT");]
<currency_Id>10</currency_Id>strSql = [INSERT INTO produdn8_GrouponTripWire.`currency` ( `currency_code` , `countryCode`) VALUES ( "EUR", "NL");]
<currency_Id>11</currency_Id>strSql = [INSERT INTO produdn8_GrouponTripWire.`currency` ( `currency_code` , `countryCode`) VALUES ( "NOK", "NO");]
<currency_Id>12</currency_Id>strSql = [INSERT INTO produdn8_GrouponTripWire.`currency` ( `currency_code` , `countryCode`) VALUES ( "EUR", "PT");]
<currency_Id>13</currency_Id>strSql = [INSERT INTO produdn8_GrouponTripWire.`currency` ( `currency_code` , `countryCode`) VALUES ( "ZAR", "ZA");]
<currency_Id>14</currency_Id>strSql = [INSERT INTO produdn8_GrouponTripWire.`currency` ( `currency_code` , `countryCode`) VALUES ( "AED", "AE");]
<currency_Id>15</currency_Id>strSql = [INSERT INTO produdn8_GrouponTripWire.`currency` ( `currency_code` , `countryCode`) VALUES ( "EUR", "ES");]
<currency_Id>16</currency_Id>strSql = [INSERT INTO produdn8_GrouponTripWire.`currency` ( `currency_code` , `countryCode`) VALUES ( "EUR", "AT");]
<currency_Id>17</currency_Id>strSql = [INSERT INTO produdn8_GrouponTripWire.`currency` ( `currency_code` , `countryCode`) VALUES ( "SEK", "SE");]
<currency_Id>18</currency_Id>strSql = [INSERT INTO produdn8_GrouponTripWire.`currency` ( `currency_code` , `countryCode`) VALUES ( "CHF", "CH");]
<currency_Id>19</currency_Id>strSql = [INSERT INTO produdn8_GrouponTripWire.`currency` ( `currency_code` , `countryCode`) VALUES ( "EUR", "BE");]
<currency_Id>20</currency_Id>strSql = [INSERT INTO produdn8_GrouponTripWire.`currency` ( `currency_code` , `countryCode`) VALUES ( "BRL", "BR");]
<currency_Id>21</currency_Id>strSql = [INSERT INTO produdn8_GrouponTripWire.`currency` ( `currency_code` , `countryCode`) VALUES ( "DKK", "DK");]
<currency_Id>22</currency_Id>strSql = [INSERT INTO produdn8_GrouponTripWire.`currency` ( `currency_code` , `countryCode`) VALUES ( "EUR", "FI");]
<currency_Id>23</currency_Id>strSql = [INSERT INTO produdn8_GrouponTripWire.`currency` ( `currency_code` , `countryCode`) VALUES ( "EUR", "FR");]
<currency_Id>24</currency_Id>strSql = [INSERT INTO produdn8_GrouponTripWire.`currency` ( `currency_code` , `countryCode`) VALUES ( "AUD", "AU");]
<currency_Id>25</currency_Id>strSql = [INSERT INTO produdn8_GrouponTripWire.`currency` ( `currency_code` , `countryCode`) VALUES ( "INR", "IN");]
<currency_Id>26</currency_Id>strSql = [INSERT INTO produdn8_GrouponTripWire.`currency` ( `currency_code` , `countryCode`) VALUES ( "CAD", "US");]
<currency_Id>27</currency_Id>strSql = [INSERT INTO produdn8_GrouponTripWire.`currency` ( `currency_code` , `countryCode`) VALUES ( "MYR", "MY");]
<currency_Id>28</currency_Id>strSql = [INSERT INTO produdn8_GrouponTripWire.`currency` ( `currency_code` , `countryCode`) VALUES ( "NZD", "NZ");]
<currency_Id>29</currency_Id>strSql = [INSERT INTO produdn8_GrouponTripWire.`currency` ( `currency_code` , `countryCode`) VALUES ( "PHP", "PH");]
<currency_Id>30</currency_Id>strSql = [INSERT INTO produdn8_GrouponTripWire.`currency` ( `currency_code` , `countryCode`) VALUES ( "SGD", "SG");]
<currency_Id>31</currency_Id>strSql = [INSERT INTO produdn8_GrouponTripWire.`currency` ( `currency_code` , `countryCode`) VALUES ( "THB", "TH");]
<currency_Id>32</currency_Id>strSql = [INSERT INTO produdn8_GrouponTripWire.`currency` ( `currency_code` , `countryCode`) VALUES ( "SEK", "US");]
<currency_Id>33</currency_Id>